{"meta": {"format": 3, "version": "7.14.0", "timestamp": "2026-05-23T01:19:16.496667", "branch_coverage": false, "show_contexts": false}, "files": {"app.py": {"executed_lines": [1, 3, 4, 5, 6, 7, 8, 9, 10, 11, 12, 13, 18, 19, 20, 24, 25, 26, 27, 28, 29, 30, 31, 32, 33, 34, 35, 37, 38, 40, 69, 70, 71, 72, 76, 77, 79, 80, 81, 82, 83, 84, 85, 88, 101, 102, 109, 111, 113, 115, 117, 120, 121, 124, 136, 140, 141, 142, 149, 152, 153, 154, 160, 163, 164, 165, 166, 169, 170, 176, 177, 185, 192, 193, 194, 197, 198, 199, 202, 203, 204, 205, 206, 209, 211, 212, 215, 216, 219, 220, 528, 529, 541, 542, 543, 544, 545, 547, 548, 549, 550, 553, 554, 556, 558, 561, 562, 563, 564, 565, 566, 567, 568, 569, 570, 573, 582, 583, 586, 589, 606, 607, 612, 620, 624, 625, 628, 645, 648, 654, 665, 666, 667, 670, 671, 688, 691, 699, 703, 704, 708, 731, 734, 737, 738, 741, 749, 750, 753, 754, 772, 779, 780, 783, 787, 789, 790, 794, 802, 803, 806, 813, 827, 828, 831, 837, 842, 843, 850, 873, 876, 879, 882, 890, 891, 894, 895, 907, 910, 916, 920, 921, 925, 948, 951, 954, 955, 956, 960, 999, 1000, 1003, 1004, 1019, 1035, 1036, 1039, 1041, 1042, 1043, 1044, 1056, 1060, 1063, 1074, 1079, 1080, 1081, 1088, 1099, 1102, 1106, 1109, 1110, 1111, 1113, 1134, 1140, 1141, 1148, 1162, 1165, 1168, 1169, 1170, 1173, 1174, 1175, 1179, 1184, 1190, 1195, 1196, 1202, 1213, 1216, 1219, 1220, 1224, 1225, 1227, 1231, 1232, 1235, 1250, 1253, 1256, 1260, 1262, 1266, 1267, 1283, 1290, 1291, 1293, 1300, 1301, 1317, 1321, 1322, 1326, 1327, 1328, 1330, 1337, 1339, 1351, 1352, 1359, 1360, 1366, 1367, 1378, 1379, 1387, 1388, 1394, 1395, 1403, 1404, 1413, 1414, 1421, 1425, 1435, 1436, 1437, 1438, 1439, 1440, 1441, 1452, 1459, 1465, 1481, 1482, 1483, 1484, 1485, 1488, 1489, 1492, 1499, 1500, 1501, 1502, 1503, 1504, 1505, 1506, 1507, 1508, 1509, 1510, 1512, 1513, 1514, 1515, 1516, 1517, 1518, 1519, 1521, 1522, 1523, 1524, 1525, 1526, 1528, 1529, 1530, 1531, 1533, 1551, 1552, 1553, 1554, 1555, 1556, 1557, 1558, 1570, 1572, 1573, 1574, 1575, 1577, 1578, 1579, 1581, 1582, 1583, 1584, 1586, 1588, 1589, 1590, 1591, 1593, 1594, 1595, 1596, 1597, 1598, 1599, 1600, 1603, 1604, 1607, 1638, 1639, 1640, 1646, 1649, 1655, 1656, 1657, 1658, 1661, 1662, 1663, 1664, 1665, 1666, 1667, 1669, 1670, 1671, 1673, 1674, 1677, 1679, 1680, 1683, 1684, 1688, 1690, 1708, 1709, 1710, 1711, 1712, 1715, 1716, 1718, 1720, 1721, 1722, 1724, 1725, 1727, 1728, 1729, 1731, 1733, 1747, 1761, 1762, 1763, 1764, 1765, 1766, 1767, 1768, 1769, 1770, 1771, 1772, 1773, 1784, 1785, 1786, 1787, 1788, 1789, 1790, 1791, 1792, 1797, 1827, 1840, 1845, 1853, 1864, 1893, 1894, 1895, 1896, 1905, 1906, 1908, 1909, 1910, 1911, 1912, 1913, 1915, 1916, 1917, 1918, 1921, 1937, 1938, 1940, 1941, 1942, 1943, 1945, 1946, 1948, 1949, 1951, 1952, 1954, 1983, 1984, 2001, 2002, 2003, 2009, 2010, 2011, 2121, 2122, 2123, 2148, 2149, 2150, 2182, 2183, 2184, 2195, 2196, 2197, 2277, 2278, 2279, 2314, 2315, 2316, 2389, 2390, 2391, 2406, 2407, 2408, 2685, 2686, 2687, 2939, 2940, 2941, 3024, 3025, 3026, 3109, 3110, 3111, 3148, 3149, 3150, 3171, 3172, 3173, 3256, 3257, 3258, 3373, 3374, 3381, 3382, 3391, 3392, 3393, 3406, 3407, 3408, 3498, 3499, 3500, 3531, 3532, 3533, 3549, 3550, 3551, 3720, 3721, 3722, 3732, 3751, 3770, 3771, 3772, 3809, 3815, 3818, 3819, 3820, 3956, 3957, 3958, 4369, 4370, 4371, 4372, 4373, 4374, 4375, 4376, 4379, 4395, 4410, 4444, 4458, 4479, 4499, 4500, 4501, 4596, 4597, 4598, 4806, 4807, 4808, 4809, 4839, 4840, 4841, 4842, 4854, 4855, 4856, 4857, 4946, 4947, 4948, 4949, 4965, 4966, 4967, 4968, 4985, 5003], "summary": {"covered_lines": 604, "num_statements": 2033, "percent_covered": 29.70978848991638, "percent_covered_display": "29.7", "missing_lines": 1429, "excluded_lines": 5, "percent_statements_covered": 29.70978848991638, "percent_statements_covered_display": "29.7"}, "missing_lines": [21, 22, 73, 74, 75, 90, 91, 92, 93, 94, 95, 96, 97, 112, 114, 116, 125, 126, 130, 131, 132, 133, 137, 143, 144, 145, 146, 147, 148, 155, 156, 157, 158, 159, 171, 172, 173, 178, 179, 180, 181, 182, 195, 218, 546, 551, 552, 555, 557, 584, 590, 594, 608, 609, 610, 611, 613, 614, 615, 616, 618, 649, 672, 675, 676, 677, 678, 684, 692, 693, 697, 705, 735, 755, 756, 757, 758, 759, 760, 762, 769, 788, 791, 807, 810, 832, 835, 844, 877, 896, 897, 898, 904, 911, 914, 922, 952, 1005, 1006, 1007, 1008, 1009, 1010, 1011, 1015, 1040, 1064, 1065, 1066, 1072, 1103, 1114, 1116, 1121, 1123, 1128, 1129, 1130, 1131, 1132, 1142, 1166, 1217, 1221, 1254, 1269, 1270, 1275, 1279, 1280, 1292, 1302, 1303, 1304, 1305, 1306, 1307, 1308, 1309, 1310, 1311, 1312, 1316, 1323, 1426, 1431, 1432, 1443, 1444, 1448, 1449, 1686, 1756, 1757, 1758, 1799, 1800, 1801, 1829, 1830, 1831, 1832, 1833, 1834, 1841, 1842, 1846, 1850, 1854, 1855, 1856, 1857, 1859, 1860, 1861, 1875, 1876, 1877, 1878, 1879, 1880, 1883, 1884, 1885, 1886, 1887, 1889, 1890, 1947, 1985, 1986, 1987, 1988, 1989, 1990, 1991, 1992, 1993, 1994, 1995, 1996, 1997, 1998, 2004, 2005, 2006, 2012, 2014, 2015, 2019, 2020, 2021, 2024, 2031, 2034, 2035, 2036, 2037, 2038, 2039, 2040, 2054, 2055, 2056, 2057, 2059, 2060, 2070, 2073, 2080, 2081, 2088, 2092, 2093, 2094, 2095, 2096, 2099, 2100, 2101, 2102, 2103, 2104, 2105, 2106, 2107, 2109, 2124, 2125, 2126, 2141, 2142, 2143, 2144, 2145, 2151, 2152, 2159, 2160, 2161, 2162, 2163, 2165, 2166, 2167, 2168, 2169, 2170, 2171, 2185, 2186, 2187, 2188, 2189, 2192, 2198, 2199, 2200, 2201, 2202, 2204, 2207, 2208, 2209, 2210, 2211, 2212, 2213, 2214, 2216, 2218, 2219, 2220, 2221, 2222, 2223, 2224, 2225, 2228, 2229, 2230, 2231, 2232, 2233, 2235, 2236, 2237, 2238, 2239, 2240, 2241, 2243, 2244, 2245, 2246, 2247, 2248, 2249, 2250, 2252, 2253, 2254, 2255, 2256, 2257, 2259, 2260, 2261, 2262, 2263, 2264, 2265, 2266, 2267, 2268, 2272, 2273, 2274, 2280, 2281, 2282, 2303, 2304, 2305, 2306, 2310, 2311, 2317, 2318, 2323, 2324, 2326, 2327, 2328, 2329, 2330, 2331, 2332, 2336, 2337, 2338, 2339, 2354, 2355, 2356, 2357, 2358, 2359, 2360, 2361, 2362, 2363, 2364, 2369, 2370, 2371, 2373, 2374, 2379, 2381, 2382, 2383, 2384, 2386, 2392, 2393, 2394, 2395, 2396, 2403, 2409, 2412, 2413, 2415, 2419, 2420, 2421, 2423, 2424, 2427, 2428, 2429, 2430, 2431, 2432, 2433, 2434, 2435, 2436, 2437, 2438, 2439, 2440, 2443, 2444, 2445, 2446, 2447, 2448, 2449, 2450, 2451, 2453, 2454, 2455, 2456, 2457, 2458, 2459, 2461, 2462, 2463, 2464, 2465, 2466, 2467, 2468, 2469, 2470, 2472, 2473, 2474, 2475, 2476, 2477, 2478, 2479, 2480, 2481, 2482, 2483, 2484, 2485, 2486, 2487, 2488, 2489, 2490, 2491, 2492, 2493, 2494, 2495, 2497, 2498, 2499, 2500, 2501, 2502, 2503, 2504, 2506, 2508, 2510, 2512, 2513, 2516, 2517, 2518, 2519, 2520, 2521, 2522, 2523, 2524, 2527, 2608, 2609, 2610, 2611, 2612, 2613, 2614, 2615, 2616, 2617, 2618, 2620, 2632, 2633, 2634, 2635, 2636, 2641, 2642, 2645, 2646, 2647, 2648, 2649, 2657, 2658, 2663, 2664, 2667, 2669, 2670, 2671, 2672, 2673, 2674, 2675, 2677, 2688, 2689, 2694, 2695, 2697, 2702, 2703, 2705, 2706, 2707, 2710, 2711, 2719, 2720, 2721, 2722, 2723, 2724, 2726, 2728, 2729, 2731, 2747, 2748, 2751, 2752, 2753, 2756, 2757, 2763, 2764, 2771, 2772, 2775, 2783, 2784, 2790, 2791, 2794, 2795, 2802, 2805, 2813, 2814, 2815, 2816, 2825, 2826, 2835, 2836, 2837, 2840, 2842, 2847, 2851, 2858, 2859, 2862, 2867, 2874, 2875, 2877, 2878, 2884, 2887, 2888, 2889, 2891, 2899, 2900, 2901, 2903, 2906, 2910, 2911, 2916, 2917, 2920, 2921, 2922, 2928, 2929, 2931, 2932, 2933, 2934, 2935, 2936, 2942, 2943, 2945, 2946, 2948, 2949, 2966, 2967, 2969, 2970, 2971, 2972, 2974, 2975, 2986, 2987, 2989, 2990, 2991, 2992, 2994, 2995, 3001, 3002, 3004, 3005, 3013, 3014, 3016, 3018, 3019, 3020, 3021, 3027, 3030, 3037, 3048, 3049, 3050, 3051, 3052, 3053, 3054, 3055, 3075, 3076, 3078, 3081, 3084, 3093, 3096, 3112, 3113, 3114, 3115, 3116, 3124, 3125, 3126, 3135, 3136, 3137, 3139, 3140, 3144, 3151, 3152, 3153, 3155, 3158, 3161, 3162, 3163, 3164, 3165, 3166, 3167, 3174, 3175, 3176, 3177, 3178, 3188, 3189, 3190, 3198, 3199, 3202, 3209, 3210, 3211, 3212, 3222, 3223, 3224, 3225, 3229, 3234, 3239, 3240, 3241, 3243, 3244, 3245, 3246, 3247, 3259, 3260, 3261, 3262, 3264, 3265, 3266, 3267, 3269, 3270, 3271, 3272, 3273, 3274, 3275, 3276, 3277, 3278, 3279, 3280, 3281, 3282, 3283, 3284, 3285, 3286, 3287, 3295, 3300, 3301, 3302, 3303, 3304, 3305, 3312, 3318, 3319, 3320, 3321, 3322, 3328, 3329, 3354, 3355, 3356, 3358, 3359, 3375, 3376, 3377, 3378, 3383, 3394, 3395, 3398, 3399, 3400, 3401, 3409, 3410, 3411, 3412, 3414, 3415, 3416, 3418, 3419, 3420, 3421, 3422, 3424, 3425, 3426, 3427, 3429, 3430, 3431, 3432, 3433, 3434, 3435, 3436, 3437, 3438, 3439, 3440, 3441, 3442, 3444, 3446, 3447, 3448, 3449, 3450, 3451, 3459, 3461, 3462, 3489, 3490, 3491, 3493, 3494, 3501, 3502, 3503, 3504, 3505, 3507, 3508, 3525, 3527, 3528, 3534, 3535, 3536, 3537, 3538, 3539, 3540, 3541, 3543, 3544, 3545, 3575, 3577, 3578, 3579, 3580, 3581, 3583, 3584, 3587, 3590, 3591, 3594, 3595, 3607, 3608, 3609, 3619, 3620, 3621, 3622, 3623, 3624, 3625, 3626, 3627, 3628, 3630, 3636, 3637, 3638, 3639, 3640, 3641, 3642, 3643, 3644, 3658, 3659, 3661, 3662, 3663, 3664, 3666, 3723, 3724, 3725, 3726, 3727, 3728, 3729, 3734, 3737, 3738, 3739, 3740, 3745, 3746, 3748, 3753, 3756, 3757, 3758, 3759, 3764, 3765, 3767, 3773, 3774, 3775, 3776, 3777, 3778, 3779, 3780, 3781, 3782, 3784, 3788, 3789, 3790, 3791, 3792, 3794, 3795, 3822, 3823, 3824, 3825, 3827, 3832, 3836, 3837, 3838, 3842, 3845, 3849, 3854, 3855, 3857, 3952, 3959, 3960, 3961, 3962, 3964, 3965, 3966, 3967, 3968, 3970, 3974, 3978, 3979, 3980, 3981, 3982, 3984, 3985, 3992, 3993, 3994, 3995, 3996, 3997, 3998, 3999, 4000, 4001, 4003, 4004, 4005, 4006, 4007, 4008, 4009, 4011, 4012, 4013, 4015, 4036, 4037, 4044, 4045, 4046, 4048, 4054, 4055, 4059, 4060, 4067, 4068, 4069, 4070, 4073, 4085, 4086, 4094, 4095, 4098, 4099, 4100, 4101, 4102, 4105, 4106, 4107, 4108, 4109, 4110, 4111, 4112, 4113, 4114, 4115, 4116, 4117, 4118, 4119, 4129, 4130, 4141, 4142, 4143, 4144, 4147, 4148, 4149, 4150, 4158, 4159, 4160, 4161, 4162, 4172, 4173, 4176, 4177, 4178, 4184, 4185, 4186, 4189, 4190, 4191, 4192, 4194, 4198, 4199, 4204, 4205, 4206, 4207, 4214, 4215, 4217, 4223, 4224, 4228, 4229, 4236, 4237, 4238, 4239, 4242, 4250, 4251, 4252, 4254, 4260, 4261, 4262, 4263, 4264, 4265, 4266, 4268, 4269, 4270, 4271, 4274, 4276, 4277, 4278, 4279, 4280, 4281, 4282, 4283, 4284, 4285, 4286, 4288, 4297, 4302, 4303, 4314, 4315, 4316, 4317, 4318, 4322, 4327, 4328, 4329, 4330, 4331, 4343, 4344, 4352, 4353, 4354, 4356, 4357, 4359, 4360, 4361, 4362, 4363, 4380, 4381, 4382, 4383, 4396, 4412, 4413, 4414, 4415, 4419, 4425, 4426, 4432, 4433, 4440, 4441, 4446, 4450, 4460, 4461, 4462, 4463, 4464, 4465, 4466, 4467, 4468, 4469, 4470, 4471, 4472, 4473, 4475, 4476, 4480, 4481, 4482, 4483, 4484, 4485, 4486, 4487, 4488, 4489, 4490, 4491, 4492, 4493, 4494, 4502, 4503, 4504, 4506, 4507, 4508, 4510, 4511, 4513, 4514, 4515, 4517, 4518, 4519, 4520, 4522, 4528, 4530, 4537, 4538, 4540, 4541, 4542, 4543, 4544, 4545, 4546, 4550, 4551, 4552, 4553, 4554, 4561, 4562, 4563, 4564, 4566, 4567, 4572, 4574, 4578, 4579, 4580, 4582, 4583, 4585, 4586, 4587, 4588, 4589, 4590, 4591, 4599, 4600, 4601, 4603, 4604, 4605, 4607, 4608, 4610, 4611, 4612, 4614, 4615, 4616, 4617, 4618, 4619, 4620, 4621, 4622, 4623, 4626, 4627, 4628, 4630, 4635, 4637, 4641, 4642, 4644, 4645, 4646, 4647, 4648, 4649, 4650, 4651, 4652, 4661, 4666, 4667, 4668, 4669, 4671, 4672, 4673, 4674, 4675, 4683, 4684, 4686, 4690, 4691, 4693, 4694, 4695, 4696, 4697, 4698, 4704, 4706, 4711, 4714, 4715, 4716, 4717, 4719, 4723, 4725, 4729, 4730, 4732, 4733, 4734, 4735, 4736, 4737, 4738, 4739, 4747, 4748, 4749, 4750, 4752, 4753, 4754, 4762, 4764, 4768, 4769, 4771, 4772, 4781, 4782, 4783, 4787, 4788, 4789, 4791, 4792, 4794, 4795, 4796, 4797, 4798, 4799, 4800, 4811, 4812, 4813, 4814, 4816, 4817, 4821, 4822, 4823, 4825, 4826, 4827, 4828, 4829, 4830, 4831, 4832, 4833, 4835, 4836, 4844, 4845, 4846, 4847, 4848, 4849, 4850, 4851, 4859, 4860, 4861, 4863, 4864, 4865, 4866, 4867, 4869, 4870, 4872, 4873, 4874, 4876, 4877, 4878, 4879, 4880, 4881, 4882, 4883, 4884, 4885, 4886, 4887, 4888, 4889, 4890, 4895, 4896, 4898, 4899, 4900, 4902, 4903, 4905, 4906, 4907, 4908, 4914, 4925, 4926, 4927, 4929, 4931, 4951, 4952, 4953, 4954, 4959, 4962, 4970, 4971, 4972, 4973, 4974, 4975, 4982, 4987, 4988, 4989, 4990, 4993, 4994, 4995, 4996, 4997, 4998, 5004, 5005, 5006, 5007, 5008, 5009], "excluded_lines": [5012, 5013, 5014, 5015, 5016], "functions": {"_safe_next_url": {"executed_lines": [], "summary": {"covered_lines": 0, "num_statements": 8, "percent_covered": 0.0, "percent_covered_display": "0.0", "missing_lines": 8, "excluded_lines": 0, "percent_statements_covered": 0.0, "percent_statements_covered_display": "0.0"}, "missing_lines": [90, 91, 92, 93, 94, 95, 96, 97], "excluded_lines": [], "start_line": 88}, "_safe_add_column": {"executed_lines": [111, 113, 115, 117], "summary": {"covered_lines": 4, "num_statements": 7, "percent_covered": 57.142857142857146, "percent_covered_display": "57.1", "missing_lines": 3, "excluded_lines": 0, "percent_statements_covered": 57.142857142857146, "percent_statements_covered_display": "57.1"}, "missing_lines": [112, 114, 116], "excluded_lines": [], "start_line": 109}, "now_iso": {"executed_lines": [121], "summary": {"covered_lines": 1, "num_statements": 1, "percent_covered": 100.0, "percent_covered_display": "100.0", "missing_lines": 0, "excluded_lines": 0, "percent_statements_covered": 100.0, "percent_statements_covered_display": "100.0"}, "missing_lines": [], "excluded_lines": [], "start_line": 120}, "get_current_fx_eur_usd": {"executed_lines": [], "summary": {"covered_lines": 0, "num_statements": 6, "percent_covered": 0.0, "percent_covered_display": "0.0", "missing_lines": 6, "excluded_lines": 0, "percent_statements_covered": 0.0, "percent_statements_covered_display": "0.0"}, "missing_lines": [125, 126, 130, 131, 132, 133], "excluded_lines": [], "start_line": 124}, "eur_to_usd": {"executed_lines": [], "summary": {"covered_lines": 0, "num_statements": 1, "percent_covered": 0.0, "percent_covered_display": "0.0", "missing_lines": 1, "excluded_lines": 0, "percent_statements_covered": 0.0, "percent_statements_covered_display": "0.0"}, "missing_lines": [137], "excluded_lines": [], "start_line": 136}, "bot_token_required": {"executed_lines": [142, 149], "summary": {"covered_lines": 2, "num_statements": 2, "percent_covered": 100.0, "percent_covered_display": "100.0", "missing_lines": 0, "excluded_lines": 0, "percent_statements_covered": 100.0, "percent_statements_covered_display": "100.0"}, "missing_lines": [], "excluded_lines": [], "start_line": 140}, "bot_token_required.wrapper": {"executed_lines": [], "summary": {"covered_lines": 0, "num_statements": 6, "percent_covered": 0.0, "percent_covered_display": "0.0", "missing_lines": 6, "excluded_lines": 0, "percent_statements_covered": 0.0, "percent_statements_covered_display": "0.0"}, "missing_lines": [143, 144, 145, 146, 147, 148], "excluded_lines": [], "start_line": 142}, "admin_required": {"executed_lines": [154, 160], "summary": {"covered_lines": 2, "num_statements": 2, "percent_covered": 100.0, "percent_covered_display": "100.0", "missing_lines": 0, "excluded_lines": 0, "percent_statements_covered": 100.0, "percent_statements_covered_display": "100.0"}, "missing_lines": [], "excluded_lines": [], "start_line": 152}, "admin_required.wrapper": {"executed_lines": [], "summary": {"covered_lines": 0, "num_statements": 5, "percent_covered": 0.0, "percent_covered_display": "0.0", "missing_lines": 5, "excluded_lines": 0, "percent_statements_covered": 0.0, "percent_statements_covered_display": "0.0"}, "missing_lines": [155, 156, 157, 158, 159], "excluded_lines": [], "start_line": 154}, "User.__init__": {"executed_lines": [], "summary": {"covered_lines": 0, "num_statements": 3, "percent_covered": 0.0, "percent_covered_display": "0.0", "missing_lines": 3, "excluded_lines": 0, "percent_statements_covered": 0.0, "percent_statements_covered_display": "0.0"}, "missing_lines": [171, 172, 173], "excluded_lines": [], "start_line": 170}, "load_user": {"executed_lines": [], "summary": {"covered_lines": 0, "num_statements": 5, "percent_covered": 0.0, "percent_covered_display": "0.0", "missing_lines": 5, "excluded_lines": 0, "percent_statements_covered": 0.0, "percent_statements_covered_display": "0.0"}, "missing_lines": [178, 179, 180, 181, 182], "excluded_lines": [], "start_line": 177}, "get_db": {"executed_lines": [192, 193, 194, 197, 198, 199], "summary": {"covered_lines": 6, "num_statements": 7, "percent_covered": 85.71428571428571, "percent_covered_display": "85.7", "missing_lines": 1, "excluded_lines": 0, "percent_statements_covered": 85.71428571428571, "percent_statements_covered_display": "85.7"}, "missing_lines": [195], "excluded_lines": [], "start_line": 185}, "close_db": {"executed_lines": [204, 205, 206], "summary": {"covered_lines": 3, "num_statements": 3, "percent_covered": 100.0, "percent_covered_display": "100.0", "missing_lines": 0, "excluded_lines": 0, "percent_statements_covered": 100.0, "percent_statements_covered_display": "100.0"}, "missing_lines": [], "excluded_lines": [], "start_line": 203}, "using_postgres": {"executed_lines": [211, 212], "summary": {"covered_lines": 2, "num_statements": 2, "percent_covered": 100.0, "percent_covered_display": "100.0", "missing_lines": 0, "excluded_lines": 0, "percent_statements_covered": 100.0, "percent_statements_covered_display": "100.0"}, "missing_lines": [], "excluded_lines": [], "start_line": 209}, "init_db": {"executed_lines": [216, 219, 220, 528, 529, 541, 542, 543, 544, 545, 547, 548, 549, 550, 553, 554, 556, 558, 561, 562, 563, 564, 565, 566, 567, 568, 569, 570], "summary": {"covered_lines": 28, "num_statements": 34, "percent_covered": 82.3529411764706, "percent_covered_display": "82.4", "missing_lines": 6, "excluded_lines": 0, "percent_statements_covered": 82.3529411764706, "percent_statements_covered_display": "82.4"}, "missing_lines": [218, 546, 551, 552, 555, 557], "excluded_lines": [], "start_line": 215}, "_audit_fixes_20260423": {"executed_lines": [582, 583, 586, 589, 606, 607, 612, 620, 624, 625], "summary": {"covered_lines": 10, "num_statements": 22, "percent_covered": 45.45454545454545, "percent_covered_display": "45.5", "missing_lines": 12, "excluded_lines": 0, "percent_statements_covered": 45.45454545454545, "percent_statements_covered_display": "45.5"}, "missing_lines": [584, 590, 594, 608, 609, 610, 611, 613, 614, 615, 616, 618], "excluded_lines": [], "start_line": 573}, "_audit_catalog_fixes_20260423": {"executed_lines": [645, 648, 654, 665, 666, 667, 670, 671, 688, 691, 699, 703, 704], "summary": {"covered_lines": 13, "num_statements": 24, "percent_covered": 54.166666666666664, "percent_covered_display": "54.2", "missing_lines": 11, "excluded_lines": 0, "percent_statements_covered": 54.166666666666664, "percent_statements_covered_display": "54.2"}, "missing_lines": [649, 672, 675, 676, 677, 678, 684, 692, 693, 697, 705], "excluded_lines": [], "start_line": 628}, "_audit_catalog_fixes_20260423_v2": {"executed_lines": [731, 734, 737, 738, 741, 749, 750, 753, 754, 772, 779, 780, 783, 787, 789, 790, 794, 802, 803, 806, 813, 827, 828, 831, 837, 842, 843], "summary": {"covered_lines": 27, "num_statements": 43, "percent_covered": 62.7906976744186, "percent_covered_display": "62.8", "missing_lines": 16, "excluded_lines": 0, "percent_statements_covered": 62.7906976744186, "percent_statements_covered_display": "62.8"}, "missing_lines": [735, 755, 756, 757, 758, 759, 760, 762, 769, 788, 791, 807, 810, 832, 835, 844], "excluded_lines": [], "start_line": 708}, "_audit_logistics_fixes_20260424": {"executed_lines": [873, 876, 879, 882, 890, 891, 894, 895, 907, 910, 916, 920, 921], "summary": {"covered_lines": 13, "num_statements": 21, "percent_covered": 61.904761904761905, "percent_covered_display": "61.9", "missing_lines": 8, "excluded_lines": 0, "percent_statements_covered": 61.904761904761905, "percent_statements_covered_display": "61.9"}, "missing_lines": [877, 896, 897, 898, 904, 911, 914, 922], "excluded_lines": [], "start_line": 850}, "_audit_catalog_completion_20260424": {"executed_lines": [948, 951, 954, 955, 956, 960, 999, 1000, 1003, 1004, 1019, 1035, 1036, 1039, 1041, 1042, 1043, 1044, 1056, 1060, 1063, 1074, 1079, 1080, 1081], "summary": {"covered_lines": 25, "num_statements": 39, "percent_covered": 64.1025641025641, "percent_covered_display": "64.1", "missing_lines": 14, "excluded_lines": 0, "percent_statements_covered": 64.1025641025641, "percent_statements_covered_display": "64.1"}, "missing_lines": [952, 1005, 1006, 1007, 1008, 1009, 1010, 1011, 1015, 1040, 1064, 1065, 1066, 1072], "excluded_lines": [], "start_line": 925}, "_cleanup_demo_data_20260425": {"executed_lines": [1099, 1102, 1106, 1109, 1110, 1111, 1113, 1134, 1140, 1141], "summary": {"covered_lines": 10, "num_statements": 21, "percent_covered": 47.61904761904762, "percent_covered_display": "47.6", "missing_lines": 11, "excluded_lines": 0, "percent_statements_covered": 47.61904761904762, "percent_statements_covered_display": "47.6"}, "missing_lines": [1103, 1114, 1116, 1121, 1123, 1128, 1129, 1130, 1131, 1132, 1142], "excluded_lines": [], "start_line": 1088}, "_audit_misc_20260425": {"executed_lines": [1162, 1165, 1168, 1169, 1170, 1173, 1174, 1175, 1179, 1184, 1190, 1195, 1196], "summary": {"covered_lines": 13, "num_statements": 14, "percent_covered": 92.85714285714286, "percent_covered_display": "92.9", "missing_lines": 1, "excluded_lines": 0, "percent_statements_covered": 92.85714285714286, "percent_statements_covered_display": "92.9"}, "missing_lines": [1166], "excluded_lines": [], "start_line": 1148}, "_logistics_aggregated_calibration_20260425": {"executed_lines": [1213, 1216, 1219, 1220, 1224, 1225, 1227, 1231, 1232], "summary": {"covered_lines": 9, "num_statements": 11, "percent_covered": 81.81818181818181, "percent_covered_display": "81.8", "missing_lines": 2, "excluded_lines": 0, "percent_statements_covered": 81.81818181818181, "percent_statements_covered_display": "81.8"}, "missing_lines": [1217, 1221], "excluded_lines": [], "start_line": 1202}, "_sync_fx_sources_20260424": {"executed_lines": [1250, 1253, 1256, 1260, 1262, 1266, 1267], "summary": {"covered_lines": 7, "num_statements": 13, "percent_covered": 53.84615384615385, "percent_covered_display": "53.8", "missing_lines": 6, "excluded_lines": 0, "percent_statements_covered": 53.84615384615385, "percent_statements_covered_display": "53.8"}, "missing_lines": [1254, 1269, 1270, 1275, 1279, 1280], "excluded_lines": [], "start_line": 1235}, "_apply_compound_discount_once": {"executed_lines": [1290, 1291, 1293, 1300, 1301, 1317, 1321, 1322], "summary": {"covered_lines": 8, "num_statements": 22, "percent_covered": 36.36363636363637, "percent_covered_display": "36.4", "missing_lines": 14, "excluded_lines": 0, "percent_statements_covered": 36.36363636363637, "percent_statements_covered_display": "36.4"}, "missing_lines": [1292, 1302, 1303, 1304, 1305, 1306, 1307, 1308, 1309, 1310, 1311, 1312, 1316, 1323], "excluded_lines": [], "start_line": 1283}, "seed_db": {"executed_lines": [1327, 1328, 1330, 1337, 1339, 1351, 1352, 1359, 1360, 1366, 1367, 1378, 1379, 1387, 1388, 1394, 1395, 1403, 1404, 1413, 1414, 1421, 1425, 1435, 1436, 1437, 1438, 1439, 1440, 1441, 1452], "summary": {"covered_lines": 31, "num_statements": 38, "percent_covered": 81.57894736842105, "percent_covered_display": "81.6", "missing_lines": 7, "excluded_lines": 0, "percent_statements_covered": 81.57894736842105, "percent_statements_covered_display": "81.6"}, "missing_lines": [1426, 1431, 1432, 1443, 1444, 1448, 1449], "excluded_lines": [], "start_line": 1326}, "_num": {"executed_lines": [1482, 1483, 1484, 1485], "summary": {"covered_lines": 4, "num_statements": 4, "percent_covered": 100.0, "percent_covered_display": "100.0", "missing_lines": 0, "excluded_lines": 0, "percent_statements_covered": 100.0, "percent_statements_covered_display": "100.0"}, "missing_lines": [], "excluded_lines": [], "start_line": 1481}, "detect_family": {"executed_lines": [1489], "summary": {"covered_lines": 1, "num_statements": 1, "percent_covered": 100.0, "percent_covered_display": "100.0", "missing_lines": 0, "excluded_lines": 0, "percent_statements_covered": 100.0, "percent_statements_covered_display": "100.0"}, "missing_lines": [], "excluded_lines": [], "start_line": 1488}, "compute_line": {"executed_lines": [1499, 1500, 1501, 1502, 1503, 1504, 1505, 1506, 1507, 1508, 1509, 1510, 1512, 1513, 1514, 1515, 1516, 1517, 1518, 1519, 1521, 1522, 1523, 1524, 1525, 1526, 1528, 1529, 1530, 1531, 1533], "summary": {"covered_lines": 31, "num_statements": 31, "percent_covered": 100.0, "percent_covered_display": "100.0", "missing_lines": 0, "excluded_lines": 0, "percent_statements_covered": 100.0, "percent_statements_covered_display": "100.0"}, "missing_lines": [], "excluded_lines": [], "start_line": 1492}, "_container_result": {"executed_lines": [1552, 1553, 1554, 1555, 1556, 1557, 1558], "summary": {"covered_lines": 7, "num_statements": 7, "percent_covered": 100.0, "percent_covered_display": "100.0", "missing_lines": 0, "excluded_lines": 0, "percent_statements_covered": 100.0, "percent_statements_covered_display": "100.0"}, "missing_lines": [], "excluded_lines": [], "start_line": 1551}, "estimate_containers": {"executed_lines": [1572, 1573, 1574, 1575, 1577, 1578, 1579, 1581, 1582, 1583, 1584, 1586, 1588, 1589, 1590, 1591, 1593, 1594, 1595, 1596, 1597, 1598, 1599, 1600, 1603, 1604], "summary": {"covered_lines": 26, "num_statements": 26, "percent_covered": 100.0, "percent_covered_display": "100.0", "missing_lines": 0, "excluded_lines": 0, "percent_statements_covered": 100.0, "percent_statements_covered_display": "100.0"}, "missing_lines": [], "excluded_lines": [], "start_line": 1570}, "build_offer_breakdown": {"executed_lines": [1638, 1639, 1640, 1646, 1649, 1655, 1656, 1657, 1658, 1661, 1662, 1663, 1664, 1665, 1666, 1667, 1669, 1670, 1671, 1673, 1674, 1677, 1679, 1680, 1683, 1684, 1688, 1690, 1708, 1709, 1710, 1711, 1712, 1715, 1716, 1718, 1720, 1721, 1722, 1724, 1725, 1727, 1728, 1729, 1731, 1733], "summary": {"covered_lines": 46, "num_statements": 47, "percent_covered": 97.87234042553192, "percent_covered_display": "97.9", "missing_lines": 1, "excluded_lines": 0, "percent_statements_covered": 97.87234042553192, "percent_statements_covered_display": "97.9"}, "missing_lines": [1686], "excluded_lines": [], "start_line": 1607}, "compute_offer_sale_totals": {"executed_lines": [], "summary": {"covered_lines": 0, "num_statements": 3, "percent_covered": 0.0, "percent_covered_display": "0.0", "missing_lines": 3, "excluded_lines": 0, "percent_statements_covered": 0.0, "percent_statements_covered_display": "0.0"}, "missing_lines": [1756, 1757, 1758], "excluded_lines": [], "start_line": 1747}, "compute_totals": {"executed_lines": [1762, 1763, 1764, 1765, 1766, 1767, 1768, 1769, 1770, 1771, 1772, 1773], "summary": {"covered_lines": 12, "num_statements": 12, "percent_covered": 100.0, "percent_covered_display": "100.0", "missing_lines": 0, "excluded_lines": 0, "percent_statements_covered": 100.0, "percent_statements_covered_display": "100.0"}, "missing_lines": [], "excluded_lines": [], "start_line": 1761}, "dedup_alerts": {"executed_lines": [1785, 1786, 1787, 1788, 1789, 1790, 1791, 1792], "summary": {"covered_lines": 8, "num_statements": 8, "percent_covered": 100.0, "percent_covered_display": "100.0", "missing_lines": 0, "excluded_lines": 0, "percent_statements_covered": 100.0, "percent_statements_covered_display": "100.0"}, "missing_lines": [], "excluded_lines": [], "start_line": 1784}, "save_order_lines": {"executed_lines": [], "summary": {"covered_lines": 0, "num_statements": 3, "percent_covered": 0.0, "percent_covered_display": "0.0", "missing_lines": 3, "excluded_lines": 0, "percent_statements_covered": 0.0, "percent_statements_covered_display": "0.0"}, "missing_lines": [1799, 1800, 1801], "excluded_lines": [], "start_line": 1797}, "log_audit": {"executed_lines": [], "summary": {"covered_lines": 0, "num_statements": 6, "percent_covered": 0.0, "percent_covered_display": "0.0", "missing_lines": 6, "excluded_lines": 0, "percent_statements_covered": 0.0, "percent_statements_covered_display": "0.0"}, "missing_lines": [1829, 1830, 1831, 1832, 1833, 1834], "excluded_lines": [], "start_line": 1827}, "compute_raw_hash": {"executed_lines": [], "summary": {"covered_lines": 0, "num_statements": 2, "percent_covered": 0.0, "percent_covered_display": "0.0", "missing_lines": 2, "excluded_lines": 0, "percent_statements_covered": 0.0, "percent_statements_covered_display": "0.0"}, "missing_lines": [1841, 1842], "excluded_lines": [], "start_line": 1840}, "find_offer_by_hash": {"executed_lines": [], "summary": {"covered_lines": 0, "num_statements": 2, "percent_covered": 0.0, "percent_covered_display": "0.0", "missing_lines": 2, "excluded_lines": 0, "percent_statements_covered": 0.0, "percent_statements_covered_display": "0.0"}, "missing_lines": [1846, 1850], "excluded_lines": [], "start_line": 1845}, "next_sequence": {"executed_lines": [], "summary": {"covered_lines": 0, "num_statements": 7, "percent_covered": 0.0, "percent_covered_display": "0.0", "missing_lines": 7, "excluded_lines": 0, "percent_statements_covered": 0.0, "percent_statements_covered_display": "0.0"}, "missing_lines": [1854, 1855, 1856, 1857, 1859, 1860, 1861], "excluded_lines": [], "start_line": 1853}, "generate_offer_number": {"executed_lines": [], "summary": {"covered_lines": 0, "num_statements": 13, "percent_covered": 0.0, "percent_covered_display": "0.0", "missing_lines": 13, "excluded_lines": 0, "percent_statements_covered": 0.0, "percent_statements_covered_display": "0.0"}, "missing_lines": [1875, 1876, 1877, 1878, 1879, 1880, 1883, 1884, 1885, 1886, 1887, 1889, 1890], "excluded_lines": [], "start_line": 1864}, "calculate_quote": {"executed_lines": [1894, 1895, 1896, 1905, 1906, 1908, 1909, 1910, 1911, 1912, 1913, 1915, 1916, 1917, 1918, 1921, 1937, 1938, 1940, 1941, 1942, 1943, 1945, 1946, 1948, 1949, 1951, 1952, 1954], "summary": {"covered_lines": 29, "num_statements": 30, "percent_covered": 96.66666666666667, "percent_covered_display": "96.7", "missing_lines": 1, "excluded_lines": 0, "percent_statements_covered": 96.66666666666667, "percent_statements_covered_display": "96.7"}, "missing_lines": [1947], "excluded_lines": [], "start_line": 1893}, "login": {"executed_lines": [], "summary": {"covered_lines": 0, "num_statements": 14, "percent_covered": 0.0, "percent_covered_display": "0.0", "missing_lines": 14, "excluded_lines": 0, "percent_statements_covered": 0.0, "percent_statements_covered_display": "0.0"}, "missing_lines": [1985, 1986, 1987, 1988, 1989, 1990, 1991, 1992, 1993, 1994, 1995, 1996, 1997, 1998], "excluded_lines": [], "start_line": 1984}, "logout": {"executed_lines": [], "summary": {"covered_lines": 0, "num_statements": 3, "percent_covered": 0.0, "percent_covered_display": "0.0", "missing_lines": 3, "excluded_lines": 0, "percent_statements_covered": 0.0, "percent_statements_covered_display": "0.0"}, "missing_lines": [2004, 2005, 2006], "excluded_lines": [], "start_line": 2003}, "dashboard": {"executed_lines": [], "summary": {"covered_lines": 0, "num_statements": 41, "percent_covered": 0.0, "percent_covered_display": "0.0", "missing_lines": 41, "excluded_lines": 0, "percent_statements_covered": 0.0, "percent_statements_covered_display": "0.0"}, "missing_lines": [2012, 2014, 2015, 2019, 2020, 2021, 2024, 2031, 2034, 2035, 2036, 2037, 2038, 2039, 2040, 2054, 2055, 2056, 2057, 2059, 2060, 2070, 2073, 2080, 2081, 2088, 2092, 2093, 2094, 2095, 2096, 2099, 2100, 2101, 2102, 2103, 2104, 2105, 2106, 2107, 2109], "excluded_lines": [], "start_line": 2011}, "clients": {"executed_lines": [], "summary": {"covered_lines": 0, "num_statements": 8, "percent_covered": 0.0, "percent_covered_display": "0.0", "missing_lines": 8, "excluded_lines": 0, "percent_statements_covered": 0.0, "percent_statements_covered_display": "0.0"}, "missing_lines": [2124, 2125, 2126, 2141, 2142, 2143, 2144, 2145], "excluded_lines": [], "start_line": 2123}, "products": {"executed_lines": [], "summary": {"covered_lines": 0, "num_statements": 14, "percent_covered": 0.0, "percent_covered_display": "0.0", "missing_lines": 14, "excluded_lines": 0, "percent_statements_covered": 0.0, "percent_statements_covered_display": "0.0"}, "missing_lines": [2151, 2152, 2159, 2160, 2161, 2162, 2163, 2165, 2166, 2167, 2168, 2169, 2170, 2171], "excluded_lines": [], "start_line": 2150}, "api_get_product": {"executed_lines": [], "summary": {"covered_lines": 0, "num_statements": 6, "percent_covered": 0.0, "percent_covered_display": "0.0", "missing_lines": 6, "excluded_lines": 0, "percent_statements_covered": 0.0, "percent_statements_covered_display": "0.0"}, "missing_lines": [2185, 2186, 2187, 2188, 2189, 2192], "excluded_lines": [], "start_line": 2184}, "api_update_product": {"executed_lines": [], "summary": {"covered_lines": 0, "num_statements": 63, "percent_covered": 0.0, "percent_covered_display": "0.0", "missing_lines": 63, "excluded_lines": 0, "percent_statements_covered": 0.0, "percent_statements_covered_display": "0.0"}, "missing_lines": [2198, 2199, 2200, 2201, 2202, 2204, 2207, 2208, 2209, 2210, 2211, 2212, 2213, 2214, 2216, 2218, 2219, 2220, 2221, 2222, 2223, 2224, 2225, 2228, 2229, 2230, 2231, 2232, 2233, 2235, 2236, 2237, 2238, 2239, 2240, 2241, 2243, 2244, 2245, 2246, 2247, 2248, 2249, 2250, 2252, 2253, 2254, 2255, 2256, 2257, 2259, 2260, 2261, 2262, 2263, 2264, 2265, 2266, 2267, 2268, 2272, 2273, 2274], "excluded_lines": [], "start_line": 2197}, "projects": {"executed_lines": [], "summary": {"covered_lines": 0, "num_statements": 9, "percent_covered": 0.0, "percent_covered_display": "0.0", "missing_lines": 9, "excluded_lines": 0, "percent_statements_covered": 0.0, "percent_statements_covered_display": "0.0"}, "missing_lines": [2280, 2281, 2282, 2303, 2304, 2305, 2306, 2310, 2311], "excluded_lines": [], "start_line": 2279}, "project_detail": {"executed_lines": [], "summary": {"covered_lines": 0, "num_statements": 37, "percent_covered": 0.0, "percent_covered_display": "0.0", "missing_lines": 37, "excluded_lines": 0, "percent_statements_covered": 0.0, "percent_statements_covered_display": "0.0"}, "missing_lines": [2317, 2318, 2323, 2324, 2326, 2327, 2328, 2329, 2330, 2331, 2332, 2336, 2337, 2338, 2339, 2354, 2355, 2356, 2357, 2358, 2359, 2360, 2361, 2362, 2363, 2364, 2369, 2370, 2371, 2373, 2374, 2379, 2381, 2382, 2383, 2384, 2386], "excluded_lines": [], "start_line": 2316}, "calculator": {"executed_lines": [], "summary": {"covered_lines": 0, "num_statements": 6, "percent_covered": 0.0, "percent_covered_display": "0.0", "missing_lines": 6, "excluded_lines": 0, "percent_statements_covered": 0.0, "percent_statements_covered_display": "0.0"}, "missing_lines": [2392, 2393, 2394, 2395, 2396, 2403], "excluded_lines": [], "start_line": 2391}, "quote": {"executed_lines": [], "summary": {"covered_lines": 0, "num_statements": 133, "percent_covered": 0.0, "percent_covered_display": "0.0", "missing_lines": 133, "excluded_lines": 0, "percent_statements_covered": 0.0, "percent_statements_covered_display": "0.0"}, "missing_lines": [2409, 2412, 2413, 2415, 2419, 2420, 2421, 2423, 2424, 2427, 2428, 2429, 2430, 2431, 2432, 2433, 2434, 2435, 2436, 2437, 2438, 2439, 2440, 2443, 2444, 2445, 2446, 2447, 2448, 2449, 2450, 2451, 2453, 2454, 2455, 2456, 2457, 2458, 2459, 2461, 2462, 2463, 2464, 2465, 2466, 2467, 2468, 2469, 2470, 2472, 2473, 2474, 2475, 2476, 2477, 2478, 2479, 2480, 2481, 2482, 2483, 2484, 2485, 2486, 2487, 2488, 2489, 2490, 2491, 2492, 2493, 2494, 2495, 2497, 2498, 2499, 2500, 2501, 2502, 2503, 2504, 2506, 2508, 2510, 2512, 2513, 2516, 2517, 2518, 2519, 2520, 2521, 2522, 2523, 2524, 2527, 2608, 2609, 2610, 2611, 2612, 2613, 2614, 2615, 2616, 2617, 2618, 2620, 2632, 2633, 2634, 2635, 2636, 2641, 2642, 2645, 2646, 2647, 2648, 2649, 2657, 2658, 2663, 2664, 2667, 2669, 2670, 2671, 2672, 2673, 2674, 2675, 2677], "excluded_lines": [], "start_line": 2408}, "quote_pdf": {"executed_lines": [], "summary": {"covered_lines": 0, "num_statements": 87, "percent_covered": 0.0, "percent_covered_display": "0.0", "missing_lines": 87, "excluded_lines": 0, "percent_statements_covered": 0.0, "percent_statements_covered_display": "0.0"}, "missing_lines": [2688, 2689, 2694, 2695, 2697, 2702, 2703, 2705, 2706, 2707, 2710, 2711, 2719, 2720, 2721, 2722, 2723, 2724, 2726, 2728, 2731, 2747, 2748, 2751, 2752, 2753, 2756, 2757, 2763, 2764, 2771, 2772, 2775, 2783, 2784, 2790, 2791, 2794, 2795, 2802, 2805, 2813, 2814, 2815, 2816, 2825, 2826, 2835, 2836, 2837, 2840, 2842, 2847, 2851, 2858, 2859, 2862, 2867, 2874, 2875, 2877, 2878, 2884, 2887, 2888, 2889, 2891, 2899, 2900, 2901, 2903, 2906, 2910, 2911, 2916, 2917, 2920, 2921, 2922, 2928, 2929, 2931, 2932, 2933, 2934, 2935, 2936], "excluded_lines": [], "start_line": 2687}, "quote_pdf.sty": {"executed_lines": [], "summary": {"covered_lines": 0, "num_statements": 1, "percent_covered": 0.0, "percent_covered_display": "0.0", "missing_lines": 1, "excluded_lines": 0, "percent_statements_covered": 0.0, "percent_statements_covered_display": "0.0"}, "missing_lines": [2729], "excluded_lines": [], "start_line": 2728}, "masters": {"executed_lines": [], "summary": {"covered_lines": 0, "num_statements": 33, "percent_covered": 0.0, "percent_covered_display": "0.0", "missing_lines": 33, "excluded_lines": 0, "percent_statements_covered": 0.0, "percent_statements_covered_display": "0.0"}, "missing_lines": [2942, 2943, 2945, 2946, 2948, 2949, 2966, 2967, 2969, 2970, 2971, 2972, 2974, 2975, 2986, 2987, 2989, 2990, 2991, 2992, 2994, 2995, 3001, 3002, 3004, 3005, 3013, 3014, 3016, 3018, 3019, 3020, 3021], "excluded_lines": [], "start_line": 2941}, "dashboard_financial": {"executed_lines": [], "summary": {"covered_lines": 0, "num_statements": 18, "percent_covered": 0.0, "percent_covered_display": "0.0", "missing_lines": 18, "excluded_lines": 0, "percent_statements_covered": 0.0, "percent_statements_covered_display": "0.0"}, "missing_lines": [3027, 3030, 3037, 3048, 3049, 3050, 3051, 3052, 3053, 3054, 3055, 3075, 3076, 3078, 3081, 3084, 3093, 3096], "excluded_lines": [], "start_line": 3026}, "crm": {"executed_lines": [], "summary": {"covered_lines": 0, "num_statements": 14, "percent_covered": 0.0, "percent_covered_display": "0.0", "missing_lines": 14, "excluded_lines": 0, "percent_statements_covered": 0.0, "percent_statements_covered_display": "0.0"}, "missing_lines": [3112, 3113, 3114, 3115, 3116, 3124, 3125, 3126, 3135, 3136, 3137, 3139, 3140, 3144], "excluded_lines": [], "start_line": 3111}, "presupuestos": {"executed_lines": [], "summary": {"covered_lines": 0, "num_statements": 12, "percent_covered": 0.0, "percent_covered_display": "0.0", "missing_lines": 12, "excluded_lines": 0, "percent_statements_covered": 0.0, "percent_statements_covered_display": "0.0"}, "missing_lines": [3151, 3152, 3153, 3155, 3158, 3161, 3162, 3163, 3164, 3165, 3166, 3167], "excluded_lines": [], "start_line": 3150}, "config": {"executed_lines": [], "summary": {"covered_lines": 0, "num_statements": 29, "percent_covered": 0.0, "percent_covered_display": "0.0", "missing_lines": 29, "excluded_lines": 0, "percent_statements_covered": 0.0, "percent_statements_covered_display": "0.0"}, "missing_lines": [3174, 3175, 3176, 3177, 3178, 3188, 3189, 3190, 3198, 3199, 3202, 3209, 3210, 3211, 3212, 3222, 3223, 3224, 3225, 3229, 3234, 3239, 3240, 3241, 3243, 3244, 3245, 3246, 3247], "excluded_lines": [], "start_line": 3173}, "save_offer": {"executed_lines": [], "summary": {"covered_lines": 0, "num_statements": 47, "percent_covered": 0.0, "percent_covered_display": "0.0", "missing_lines": 47, "excluded_lines": 0, "percent_statements_covered": 0.0, "percent_statements_covered_display": "0.0"}, "missing_lines": [3259, 3260, 3261, 3262, 3264, 3265, 3266, 3267, 3269, 3270, 3271, 3272, 3273, 3274, 3275, 3276, 3277, 3278, 3279, 3280, 3281, 3282, 3283, 3284, 3285, 3286, 3287, 3295, 3300, 3301, 3302, 3303, 3304, 3305, 3312, 3318, 3319, 3320, 3321, 3322, 3328, 3329, 3354, 3355, 3356, 3358, 3359], "excluded_lines": [], "start_line": 3258}, "from_json": {"executed_lines": [], "summary": {"covered_lines": 0, "num_statements": 4, "percent_covered": 0.0, "percent_covered_display": "0.0", "missing_lines": 4, "excluded_lines": 0, "percent_statements_covered": 0.0, "percent_statements_covered_display": "0.0"}, "missing_lines": [3375, 3376, 3377, 3378], "excluded_lines": [], "start_line": 3374}, "inject_now": {"executed_lines": [], "summary": {"covered_lines": 0, "num_statements": 1, "percent_covered": 0.0, "percent_covered_display": "0.0", "missing_lines": 1, "excluded_lines": 0, "percent_statements_covered": 0.0, "percent_statements_covered_display": "0.0"}, "missing_lines": [3383], "excluded_lines": [], "start_line": 3382}, "logistics": {"executed_lines": [], "summary": {"covered_lines": 0, "num_statements": 6, "percent_covered": 0.0, "percent_covered_display": "0.0", "missing_lines": 6, "excluded_lines": 0, "percent_statements_covered": 0.0, "percent_statements_covered_display": "0.0"}, "missing_lines": [3394, 3395, 3398, 3399, 3400, 3401], "excluded_lines": [], "start_line": 3393}, "update_full_offer": {"executed_lines": [], "summary": {"covered_lines": 0, "num_statements": 45, "percent_covered": 0.0, "percent_covered_display": "0.0", "missing_lines": 45, "excluded_lines": 0, "percent_statements_covered": 0.0, "percent_statements_covered_display": "0.0"}, "missing_lines": [3409, 3410, 3411, 3412, 3414, 3415, 3416, 3418, 3419, 3420, 3421, 3422, 3424, 3425, 3426, 3427, 3429, 3430, 3431, 3432, 3433, 3434, 3435, 3436, 3437, 3438, 3439, 3440, 3441, 3442, 3444, 3446, 3447, 3448, 3449, 3450, 3451, 3459, 3461, 3462, 3489, 3490, 3491, 3493, 3494], "excluded_lines": [], "start_line": 3408}, "update_offer": {"executed_lines": [], "summary": {"covered_lines": 0, "num_statements": 10, "percent_covered": 0.0, "percent_covered_display": "0.0", "missing_lines": 10, "excluded_lines": 0, "percent_statements_covered": 0.0, "percent_statements_covered_display": "0.0"}, "missing_lines": [3501, 3502, 3503, 3504, 3505, 3507, 3508, 3525, 3527, 3528], "excluded_lines": [], "start_line": 3500}, "config_delete": {"executed_lines": [], "summary": {"covered_lines": 0, "num_statements": 11, "percent_covered": 0.0, "percent_covered_display": "0.0", "missing_lines": 11, "excluded_lines": 0, "percent_statements_covered": 0.0, "percent_statements_covered_display": "0.0"}, "missing_lines": [3534, 3535, 3536, 3537, 3538, 3539, 3540, 3541, 3543, 3544, 3545], "excluded_lines": [], "start_line": 3533}, "api_compute_logistics": {"executed_lines": [], "summary": {"covered_lines": 0, "num_statements": 43, "percent_covered": 0.0, "percent_covered_display": "0.0", "missing_lines": 43, "excluded_lines": 0, "percent_statements_covered": 0.0, "percent_statements_covered_display": "0.0"}, "missing_lines": [3575, 3577, 3578, 3579, 3580, 3581, 3583, 3584, 3587, 3590, 3591, 3594, 3595, 3607, 3608, 3609, 3619, 3620, 3621, 3622, 3623, 3624, 3625, 3626, 3627, 3628, 3630, 3636, 3637, 3638, 3639, 3640, 3641, 3642, 3643, 3644, 3658, 3659, 3661, 3662, 3663, 3664, 3666], "excluded_lines": [], "start_line": 3551}, "delete_offer": {"executed_lines": [], "summary": {"covered_lines": 0, "num_statements": 7, "percent_covered": 0.0, "percent_covered_display": "0.0", "missing_lines": 7, "excluded_lines": 0, "percent_statements_covered": 0.0, "percent_statements_covered_display": "0.0"}, "missing_lines": [3723, 3724, 3725, 3726, 3727, 3728, 3729], "excluded_lines": [], "start_line": 3722}, "_ensure_factory_order": {"executed_lines": [], "summary": {"covered_lines": 0, "num_statements": 8, "percent_covered": 0.0, "percent_covered_display": "0.0", "missing_lines": 8, "excluded_lines": 0, "percent_statements_covered": 0.0, "percent_statements_covered_display": "0.0"}, "missing_lines": [3734, 3737, 3738, 3739, 3740, 3745, 3746, 3748], "excluded_lines": [], "start_line": 3732}, "_ensure_logistics_order": {"executed_lines": [], "summary": {"covered_lines": 0, "num_statements": 8, "percent_covered": 0.0, "percent_covered_display": "0.0", "missing_lines": 8, "excluded_lines": 0, "percent_statements_covered": 0.0, "percent_statements_covered_display": "0.0"}, "missing_lines": [3753, 3756, 3757, 3758, 3759, 3764, 3765, 3767], "excluded_lines": [], "start_line": 3751}, "offer_status": {"executed_lines": [], "summary": {"covered_lines": 0, "num_statements": 18, "percent_covered": 0.0, "percent_covered_display": "0.0", "missing_lines": 18, "excluded_lines": 0, "percent_statements_covered": 0.0, "percent_statements_covered_display": "0.0"}, "missing_lines": [3773, 3774, 3775, 3776, 3777, 3778, 3779, 3780, 3781, 3782, 3784, 3788, 3789, 3790, 3791, 3792, 3794, 3795], "excluded_lines": [], "start_line": 3772}, "export_cotizacion": {"executed_lines": [], "summary": {"covered_lines": 0, "num_statements": 16, "percent_covered": 0.0, "percent_covered_display": "0.0", "missing_lines": 16, "excluded_lines": 0, "percent_statements_covered": 0.0, "percent_statements_covered_display": "0.0"}, "missing_lines": [3822, 3823, 3824, 3825, 3827, 3832, 3836, 3837, 3838, 3842, 3845, 3849, 3854, 3855, 3857, 3952], "excluded_lines": [], "start_line": 3820}, "offer_pdf": {"executed_lines": [], "summary": {"covered_lines": 0, "num_statements": 177, "percent_covered": 0.0, "percent_covered_display": "0.0", "missing_lines": 177, "excluded_lines": 0, "percent_statements_covered": 0.0, "percent_statements_covered_display": "0.0"}, "missing_lines": [3959, 3960, 3961, 3962, 3964, 3965, 3966, 3967, 3968, 3970, 3974, 3978, 3979, 3980, 3981, 3982, 3984, 3985, 3992, 3993, 3994, 3995, 3996, 3997, 3998, 3999, 4000, 4001, 4003, 4004, 4005, 4006, 4007, 4008, 4009, 4011, 4012, 4015, 4036, 4037, 4044, 4045, 4046, 4048, 4054, 4055, 4059, 4060, 4067, 4068, 4069, 4070, 4073, 4085, 4086, 4094, 4095, 4098, 4099, 4100, 4101, 4102, 4105, 4106, 4107, 4108, 4109, 4110, 4111, 4112, 4113, 4114, 4115, 4116, 4117, 4118, 4119, 4129, 4130, 4141, 4142, 4143, 4144, 4147, 4148, 4149, 4150, 4158, 4159, 4160, 4161, 4162, 4172, 4173, 4176, 4177, 4178, 4184, 4185, 4186, 4189, 4190, 4191, 4192, 4194, 4198, 4199, 4204, 4205, 4206, 4207, 4214, 4215, 4217, 4223, 4224, 4228, 4229, 4236, 4237, 4238, 4239, 4242, 4250, 4251, 4252, 4254, 4260, 4261, 4262, 4263, 4264, 4265, 4266, 4268, 4269, 4270, 4271, 4274, 4276, 4277, 4278, 4279, 4280, 4281, 4282, 4283, 4284, 4285, 4286, 4288, 4297, 4302, 4303, 4314, 4315, 4316, 4317, 4318, 4322, 4327, 4328, 4329, 4330, 4331, 4343, 4344, 4352, 4353, 4354, 4356, 4357, 4359, 4360, 4361, 4362, 4363], "excluded_lines": [], "start_line": 3958}, "offer_pdf.S": {"executed_lines": [], "summary": {"covered_lines": 0, "num_statements": 1, "percent_covered": 0.0, "percent_covered_display": "0.0", "missing_lines": 1, "excluded_lines": 0, "percent_statements_covered": 0.0, "percent_statements_covered_display": "0.0"}, "missing_lines": [4013], "excluded_lines": [], "start_line": 4012}, "_pdf_styles": {"executed_lines": [], "summary": {"covered_lines": 0, "num_statements": 3, "percent_covered": 0.0, "percent_covered_display": "0.0", "missing_lines": 3, "excluded_lines": 0, "percent_statements_covered": 0.0, "percent_statements_covered_display": "0.0"}, "missing_lines": [4380, 4381, 4383], "excluded_lines": [], "start_line": 4379}, "_pdf_styles.s": {"executed_lines": [], "summary": {"covered_lines": 0, "num_statements": 1, "percent_covered": 0.0, "percent_covered_display": "0.0", "missing_lines": 1, "excluded_lines": 0, "percent_statements_covered": 0.0, "percent_statements_covered_display": "0.0"}, "missing_lines": [4382], "excluded_lines": [], "start_line": 4381}, "_pdf_table_style": {"executed_lines": [], "summary": {"covered_lines": 0, "num_statements": 1, "percent_covered": 0.0, "percent_covered_display": "0.0", "missing_lines": 1, "excluded_lines": 0, "percent_statements_covered": 0.0, "percent_statements_covered_display": "0.0"}, "missing_lines": [4396], "excluded_lines": [], "start_line": 4395}, "_ag_unified_header": {"executed_lines": [], "summary": {"covered_lines": 0, "num_statements": 11, "percent_covered": 0.0, "percent_covered_display": "0.0", "missing_lines": 11, "excluded_lines": 0, "percent_statements_covered": 0.0, "percent_statements_covered_display": "0.0"}, "missing_lines": [4412, 4413, 4414, 4415, 4419, 4425, 4426, 4432, 4433, 4440, 4441], "excluded_lines": [], "start_line": 4410}, "_ag_unified_footer": {"executed_lines": [], "summary": {"covered_lines": 0, "num_statements": 2, "percent_covered": 0.0, "percent_covered_display": "0.0", "missing_lines": 2, "excluded_lines": 0, "percent_statements_covered": 0.0, "percent_statements_covered_display": "0.0"}, "missing_lines": [4446, 4450], "excluded_lines": [], "start_line": 4444}, "_aggregate_lines_by_sku": {"executed_lines": [], "summary": {"covered_lines": 0, "num_statements": 16, "percent_covered": 0.0, "percent_covered_display": "0.0", "missing_lines": 16, "excluded_lines": 0, "percent_statements_covered": 0.0, "percent_statements_covered_display": "0.0"}, "missing_lines": [4460, 4461, 4462, 4463, 4464, 4465, 4466, 4467, 4468, 4469, 4470, 4471, 4472, 4473, 4475, 4476], "excluded_lines": [], "start_line": 4458}, "_load_offer_with_lines": {"executed_lines": [], "summary": {"covered_lines": 0, "num_statements": 15, "percent_covered": 0.0, "percent_covered_display": "0.0", "missing_lines": 15, "excluded_lines": 0, "percent_statements_covered": 0.0, "percent_statements_covered_display": "0.0"}, "missing_lines": [4480, 4481, 4482, 4483, 4484, 4485, 4486, 4487, 4488, 4489, 4490, 4491, 4492, 4493, 4494], "excluded_lines": [], "start_line": 4479}, "preorden_pdf": {"executed_lines": [], "summary": {"covered_lines": 0, "num_statements": 52, "percent_covered": 0.0, "percent_covered_display": "0.0", "missing_lines": 52, "excluded_lines": 0, "percent_statements_covered": 0.0, "percent_statements_covered_display": "0.0"}, "missing_lines": [4502, 4503, 4504, 4506, 4507, 4508, 4510, 4511, 4513, 4514, 4515, 4517, 4518, 4519, 4520, 4522, 4528, 4530, 4537, 4538, 4540, 4541, 4542, 4543, 4544, 4545, 4546, 4550, 4551, 4552, 4553, 4554, 4561, 4562, 4563, 4564, 4566, 4567, 4572, 4574, 4578, 4579, 4580, 4582, 4583, 4585, 4586, 4587, 4588, 4589, 4590, 4591], "excluded_lines": [], "start_line": 4501}, "orden_logistica_pdf": {"executed_lines": [], "summary": {"covered_lines": 0, "num_statements": 107, "percent_covered": 0.0, "percent_covered_display": "0.0", "missing_lines": 107, "excluded_lines": 0, "percent_statements_covered": 0.0, "percent_statements_covered_display": "0.0"}, "missing_lines": [4599, 4600, 4601, 4603, 4604, 4605, 4607, 4608, 4610, 4611, 4612, 4614, 4615, 4616, 4617, 4618, 4619, 4620, 4621, 4622, 4623, 4626, 4627, 4628, 4630, 4635, 4637, 4641, 4642, 4644, 4645, 4646, 4647, 4648, 4649, 4650, 4651, 4652, 4661, 4666, 4667, 4668, 4669, 4671, 4672, 4673, 4674, 4675, 4683, 4684, 4686, 4690, 4691, 4693, 4694, 4695, 4696, 4697, 4698, 4704, 4706, 4711, 4714, 4715, 4716, 4717, 4719, 4723, 4725, 4729, 4730, 4732, 4733, 4734, 4735, 4736, 4737, 4738, 4739, 4747, 4748, 4749, 4750, 4752, 4753, 4754, 4762, 4764, 4768, 4769, 4771, 4772, 4781, 4782, 4783, 4787, 4788, 4789, 4791, 4792, 4794, 4795, 4796, 4797, 4798, 4799, 4800], "excluded_lines": [], "start_line": 4598}, "api_products": {"executed_lines": [], "summary": {"covered_lines": 0, "num_statements": 20, "percent_covered": 0.0, "percent_covered_display": "0.0", "missing_lines": 20, "excluded_lines": 0, "percent_statements_covered": 0.0, "percent_statements_covered_display": "0.0"}, "missing_lines": [4811, 4812, 4813, 4814, 4816, 4817, 4821, 4822, 4823, 4825, 4826, 4827, 4828, 4829, 4830, 4831, 4832, 4833, 4835, 4836], "excluded_lines": [], "start_line": 4809}, "api_families": {"executed_lines": [], "summary": {"covered_lines": 0, "num_statements": 8, "percent_covered": 0.0, "percent_covered_display": "0.0", "missing_lines": 8, "excluded_lines": 0, "percent_statements_covered": 0.0, "percent_statements_covered_display": "0.0"}, "missing_lines": [4844, 4845, 4846, 4847, 4848, 4849, 4850, 4851], "excluded_lines": [], "start_line": 4842}, "api_order": {"executed_lines": [], "summary": {"covered_lines": 0, "num_statements": 45, "percent_covered": 0.0, "percent_covered_display": "0.0", "missing_lines": 45, "excluded_lines": 0, "percent_statements_covered": 0.0, "percent_statements_covered_display": "0.0"}, "missing_lines": [4859, 4860, 4861, 4863, 4864, 4865, 4866, 4867, 4869, 4870, 4872, 4873, 4874, 4876, 4877, 4878, 4879, 4880, 4881, 4882, 4883, 4884, 4885, 4886, 4887, 4888, 4889, 4890, 4895, 4896, 4898, 4899, 4900, 4902, 4903, 4905, 4906, 4907, 4908, 4914, 4925, 4926, 4927, 4929, 4931], "excluded_lines": [], "start_line": 4857}, "api_orders": {"executed_lines": [], "summary": {"covered_lines": 0, "num_statements": 6, "percent_covered": 0.0, "percent_covered_display": "0.0", "missing_lines": 6, "excluded_lines": 0, "percent_statements_covered": 0.0, "percent_statements_covered_display": "0.0"}, "missing_lines": [4951, 4952, 4953, 4954, 4959, 4962], "excluded_lines": [], "start_line": 4949}, "api_ficha_tecnica": {"executed_lines": [], "summary": {"covered_lines": 0, "num_statements": 7, "percent_covered": 0.0, "percent_covered_display": "0.0", "missing_lines": 7, "excluded_lines": 0, "percent_statements_covered": 0.0, "percent_statements_covered_display": "0.0"}, "missing_lines": [4970, 4971, 4972, 4973, 4974, 4975, 4982], "excluded_lines": [], "start_line": 4968}, "_bootstrap_db": {"executed_lines": [], "summary": {"covered_lines": 0, "num_statements": 10, "percent_covered": 0.0, "percent_covered_display": "0.0", "missing_lines": 10, "excluded_lines": 0, "percent_statements_covered": 0.0, "percent_statements_covered_display": "0.0"}, "missing_lines": [4987, 4988, 4989, 4990, 4993, 4994, 4995, 4996, 4997, 4998], "excluded_lines": [], "start_line": 4985}, "": {"executed_lines": [1, 3, 4, 5, 6, 7, 8, 9, 10, 11, 12, 13, 18, 19, 20, 24, 25, 26, 27, 28, 29, 30, 31, 32, 33, 34, 35, 37, 38, 40, 69, 70, 71, 72, 76, 77, 79, 80, 81, 82, 83, 84, 85, 88, 101, 102, 109, 120, 124, 136, 140, 141, 152, 153, 163, 164, 165, 166, 169, 170, 176, 177, 185, 202, 203, 209, 215, 573, 628, 708, 850, 925, 1088, 1148, 1202, 1235, 1283, 1326, 1459, 1465, 1481, 1488, 1492, 1551, 1570, 1607, 1747, 1761, 1784, 1797, 1827, 1840, 1845, 1853, 1864, 1893, 1983, 1984, 2001, 2002, 2003, 2009, 2010, 2011, 2121, 2122, 2123, 2148, 2149, 2150, 2182, 2183, 2184, 2195, 2196, 2197, 2277, 2278, 2279, 2314, 2315, 2316, 2389, 2390, 2391, 2406, 2407, 2408, 2685, 2686, 2687, 2939, 2940, 2941, 3024, 3025, 3026, 3109, 3110, 3111, 3148, 3149, 3150, 3171, 3172, 3173, 3256, 3257, 3258, 3373, 3374, 3381, 3382, 3391, 3392, 3393, 3406, 3407, 3408, 3498, 3499, 3500, 3531, 3532, 3533, 3549, 3550, 3551, 3720, 3721, 3722, 3732, 3751, 3770, 3771, 3772, 3809, 3815, 3818, 3819, 3820, 3956, 3957, 3958, 4369, 4370, 4371, 4372, 4373, 4374, 4375, 4376, 4379, 4395, 4410, 4444, 4458, 4479, 4499, 4500, 4501, 4596, 4597, 4598, 4806, 4807, 4808, 4809, 4839, 4840, 4841, 4842, 4854, 4855, 4856, 4857, 4946, 4947, 4948, 4949, 4965, 4966, 4967, 4968, 4985, 5003], "summary": {"covered_lines": 226, "num_statements": 237, "percent_covered": 95.35864978902954, "percent_covered_display": "95.4", "missing_lines": 11, "excluded_lines": 5, "percent_statements_covered": 95.35864978902954, "percent_statements_covered_display": "95.4"}, "missing_lines": [21, 22, 73, 74, 75, 5004, 5005, 5006, 5007, 5008, 5009], "excluded_lines": [5012, 5013, 5014, 5015, 5016], "start_line": 1}}, "classes": {"User": {"executed_lines": [], "summary": {"covered_lines": 0, "num_statements": 3, "percent_covered": 0.0, "percent_covered_display": "0.0", "missing_lines": 3, "excluded_lines": 0, "percent_statements_covered": 0.0, "percent_statements_covered_display": "0.0"}, "missing_lines": [171, 172, 173], "excluded_lines": [], "start_line": 169}, "": {"executed_lines": [1, 3, 4, 5, 6, 7, 8, 9, 10, 11, 12, 13, 18, 19, 20, 24, 25, 26, 27, 28, 29, 30, 31, 32, 33, 34, 35, 37, 38, 40, 69, 70, 71, 72, 76, 77, 79, 80, 81, 82, 83, 84, 85, 88, 101, 102, 109, 111, 113, 115, 117, 120, 121, 124, 136, 140, 141, 142, 149, 152, 153, 154, 160, 163, 164, 165, 166, 169, 170, 176, 177, 185, 192, 193, 194, 197, 198, 199, 202, 203, 204, 205, 206, 209, 211, 212, 215, 216, 219, 220, 528, 529, 541, 542, 543, 544, 545, 547, 548, 549, 550, 553, 554, 556, 558, 561, 562, 563, 564, 565, 566, 567, 568, 569, 570, 573, 582, 583, 586, 589, 606, 607, 612, 620, 624, 625, 628, 645, 648, 654, 665, 666, 667, 670, 671, 688, 691, 699, 703, 704, 708, 731, 734, 737, 738, 741, 749, 750, 753, 754, 772, 779, 780, 783, 787, 789, 790, 794, 802, 803, 806, 813, 827, 828, 831, 837, 842, 843, 850, 873, 876, 879, 882, 890, 891, 894, 895, 907, 910, 916, 920, 921, 925, 948, 951, 954, 955, 956, 960, 999, 1000, 1003, 1004, 1019, 1035, 1036, 1039, 1041, 1042, 1043, 1044, 1056, 1060, 1063, 1074, 1079, 1080, 1081, 1088, 1099, 1102, 1106, 1109, 1110, 1111, 1113, 1134, 1140, 1141, 1148, 1162, 1165, 1168, 1169, 1170, 1173, 1174, 1175, 1179, 1184, 1190, 1195, 1196, 1202, 1213, 1216, 1219, 1220, 1224, 1225, 1227, 1231, 1232, 1235, 1250, 1253, 1256, 1260, 1262, 1266, 1267, 1283, 1290, 1291, 1293, 1300, 1301, 1317, 1321, 1322, 1326, 1327, 1328, 1330, 1337, 1339, 1351, 1352, 1359, 1360, 1366, 1367, 1378, 1379, 1387, 1388, 1394, 1395, 1403, 1404, 1413, 1414, 1421, 1425, 1435, 1436, 1437, 1438, 1439, 1440, 1441, 1452, 1459, 1465, 1481, 1482, 1483, 1484, 1485, 1488, 1489, 1492, 1499, 1500, 1501, 1502, 1503, 1504, 1505, 1506, 1507, 1508, 1509, 1510, 1512, 1513, 1514, 1515, 1516, 1517, 1518, 1519, 1521, 1522, 1523, 1524, 1525, 1526, 1528, 1529, 1530, 1531, 1533, 1551, 1552, 1553, 1554, 1555, 1556, 1557, 1558, 1570, 1572, 1573, 1574, 1575, 1577, 1578, 1579, 1581, 1582, 1583, 1584, 1586, 1588, 1589, 1590, 1591, 1593, 1594, 1595, 1596, 1597, 1598, 1599, 1600, 1603, 1604, 1607, 1638, 1639, 1640, 1646, 1649, 1655, 1656, 1657, 1658, 1661, 1662, 1663, 1664, 1665, 1666, 1667, 1669, 1670, 1671, 1673, 1674, 1677, 1679, 1680, 1683, 1684, 1688, 1690, 1708, 1709, 1710, 1711, 1712, 1715, 1716, 1718, 1720, 1721, 1722, 1724, 1725, 1727, 1728, 1729, 1731, 1733, 1747, 1761, 1762, 1763, 1764, 1765, 1766, 1767, 1768, 1769, 1770, 1771, 1772, 1773, 1784, 1785, 1786, 1787, 1788, 1789, 1790, 1791, 1792, 1797, 1827, 1840, 1845, 1853, 1864, 1893, 1894, 1895, 1896, 1905, 1906, 1908, 1909, 1910, 1911, 1912, 1913, 1915, 1916, 1917, 1918, 1921, 1937, 1938, 1940, 1941, 1942, 1943, 1945, 1946, 1948, 1949, 1951, 1952, 1954, 1983, 1984, 2001, 2002, 2003, 2009, 2010, 2011, 2121, 2122, 2123, 2148, 2149, 2150, 2182, 2183, 2184, 2195, 2196, 2197, 2277, 2278, 2279, 2314, 2315, 2316, 2389, 2390, 2391, 2406, 2407, 2408, 2685, 2686, 2687, 2939, 2940, 2941, 3024, 3025, 3026, 3109, 3110, 3111, 3148, 3149, 3150, 3171, 3172, 3173, 3256, 3257, 3258, 3373, 3374, 3381, 3382, 3391, 3392, 3393, 3406, 3407, 3408, 3498, 3499, 3500, 3531, 3532, 3533, 3549, 3550, 3551, 3720, 3721, 3722, 3732, 3751, 3770, 3771, 3772, 3809, 3815, 3818, 3819, 3820, 3956, 3957, 3958, 4369, 4370, 4371, 4372, 4373, 4374, 4375, 4376, 4379, 4395, 4410, 4444, 4458, 4479, 4499, 4500, 4501, 4596, 4597, 4598, 4806, 4807, 4808, 4809, 4839, 4840, 4841, 4842, 4854, 4855, 4856, 4857, 4946, 4947, 4948, 4949, 4965, 4966, 4967, 4968, 4985, 5003], "summary": {"covered_lines": 604, "num_statements": 2030, "percent_covered": 29.753694581280786, "percent_covered_display": "29.8", "missing_lines": 1426, "excluded_lines": 5, "percent_statements_covered": 29.753694581280786, "percent_statements_covered_display": "29.8"}, "missing_lines": [21, 22, 73, 74, 75, 90, 91, 92, 93, 94, 95, 96, 97, 112, 114, 116, 125, 126, 130, 131, 132, 133, 137, 143, 144, 145, 146, 147, 148, 155, 156, 157, 158, 159, 178, 179, 180, 181, 182, 195, 218, 546, 551, 552, 555, 557, 584, 590, 594, 608, 609, 610, 611, 613, 614, 615, 616, 618, 649, 672, 675, 676, 677, 678, 684, 692, 693, 697, 705, 735, 755, 756, 757, 758, 759, 760, 762, 769, 788, 791, 807, 810, 832, 835, 844, 877, 896, 897, 898, 904, 911, 914, 922, 952, 1005, 1006, 1007, 1008, 1009, 1010, 1011, 1015, 1040, 1064, 1065, 1066, 1072, 1103, 1114, 1116, 1121, 1123, 1128, 1129, 1130, 1131, 1132, 1142, 1166, 1217, 1221, 1254, 1269, 1270, 1275, 1279, 1280, 1292, 1302, 1303, 1304, 1305, 1306, 1307, 1308, 1309, 1310, 1311, 1312, 1316, 1323, 1426, 1431, 1432, 1443, 1444, 1448, 1449, 1686, 1756, 1757, 1758, 1799, 1800, 1801, 1829, 1830, 1831, 1832, 1833, 1834, 1841, 1842, 1846, 1850, 1854, 1855, 1856, 1857, 1859, 1860, 1861, 1875, 1876, 1877, 1878, 1879, 1880, 1883, 1884, 1885, 1886, 1887, 1889, 1890, 1947, 1985, 1986, 1987, 1988, 1989, 1990, 1991, 1992, 1993, 1994, 1995, 1996, 1997, 1998, 2004, 2005, 2006, 2012, 2014, 2015, 2019, 2020, 2021, 2024, 2031, 2034, 2035, 2036, 2037, 2038, 2039, 2040, 2054, 2055, 2056, 2057, 2059, 2060, 2070, 2073, 2080, 2081, 2088, 2092, 2093, 2094, 2095, 2096, 2099, 2100, 2101, 2102, 2103, 2104, 2105, 2106, 2107, 2109, 2124, 2125, 2126, 2141, 2142, 2143, 2144, 2145, 2151, 2152, 2159, 2160, 2161, 2162, 2163, 2165, 2166, 2167, 2168, 2169, 2170, 2171, 2185, 2186, 2187, 2188, 2189, 2192, 2198, 2199, 2200, 2201, 2202, 2204, 2207, 2208, 2209, 2210, 2211, 2212, 2213, 2214, 2216, 2218, 2219, 2220, 2221, 2222, 2223, 2224, 2225, 2228, 2229, 2230, 2231, 2232, 2233, 2235, 2236, 2237, 2238, 2239, 2240, 2241, 2243, 2244, 2245, 2246, 2247, 2248, 2249, 2250, 2252, 2253, 2254, 2255, 2256, 2257, 2259, 2260, 2261, 2262, 2263, 2264, 2265, 2266, 2267, 2268, 2272, 2273, 2274, 2280, 2281, 2282, 2303, 2304, 2305, 2306, 2310, 2311, 2317, 2318, 2323, 2324, 2326, 2327, 2328, 2329, 2330, 2331, 2332, 2336, 2337, 2338, 2339, 2354, 2355, 2356, 2357, 2358, 2359, 2360, 2361, 2362, 2363, 2364, 2369, 2370, 2371, 2373, 2374, 2379, 2381, 2382, 2383, 2384, 2386, 2392, 2393, 2394, 2395, 2396, 2403, 2409, 2412, 2413, 2415, 2419, 2420, 2421, 2423, 2424, 2427, 2428, 2429, 2430, 2431, 2432, 2433, 2434, 2435, 2436, 2437, 2438, 2439, 2440, 2443, 2444, 2445, 2446, 2447, 2448, 2449, 2450, 2451, 2453, 2454, 2455, 2456, 2457, 2458, 2459, 2461, 2462, 2463, 2464, 2465, 2466, 2467, 2468, 2469, 2470, 2472, 2473, 2474, 2475, 2476, 2477, 2478, 2479, 2480, 2481, 2482, 2483, 2484, 2485, 2486, 2487, 2488, 2489, 2490, 2491, 2492, 2493, 2494, 2495, 2497, 2498, 2499, 2500, 2501, 2502, 2503, 2504, 2506, 2508, 2510, 2512, 2513, 2516, 2517, 2518, 2519, 2520, 2521, 2522, 2523, 2524, 2527, 2608, 2609, 2610, 2611, 2612, 2613, 2614, 2615, 2616, 2617, 2618, 2620, 2632, 2633, 2634, 2635, 2636, 2641, 2642, 2645, 2646, 2647, 2648, 2649, 2657, 2658, 2663, 2664, 2667, 2669, 2670, 2671, 2672, 2673, 2674, 2675, 2677, 2688, 2689, 2694, 2695, 2697, 2702, 2703, 2705, 2706, 2707, 2710, 2711, 2719, 2720, 2721, 2722, 2723, 2724, 2726, 2728, 2729, 2731, 2747, 2748, 2751, 2752, 2753, 2756, 2757, 2763, 2764, 2771, 2772, 2775, 2783, 2784, 2790, 2791, 2794, 2795, 2802, 2805, 2813, 2814, 2815, 2816, 2825, 2826, 2835, 2836, 2837, 2840, 2842, 2847, 2851, 2858, 2859, 2862, 2867, 2874, 2875, 2877, 2878, 2884, 2887, 2888, 2889, 2891, 2899, 2900, 2901, 2903, 2906, 2910, 2911, 2916, 2917, 2920, 2921, 2922, 2928, 2929, 2931, 2932, 2933, 2934, 2935, 2936, 2942, 2943, 2945, 2946, 2948, 2949, 2966, 2967, 2969, 2970, 2971, 2972, 2974, 2975, 2986, 2987, 2989, 2990, 2991, 2992, 2994, 2995, 3001, 3002, 3004, 3005, 3013, 3014, 3016, 3018, 3019, 3020, 3021, 3027, 3030, 3037, 3048, 3049, 3050, 3051, 3052, 3053, 3054, 3055, 3075, 3076, 3078, 3081, 3084, 3093, 3096, 3112, 3113, 3114, 3115, 3116, 3124, 3125, 3126, 3135, 3136, 3137, 3139, 3140, 3144, 3151, 3152, 3153, 3155, 3158, 3161, 3162, 3163, 3164, 3165, 3166, 3167, 3174, 3175, 3176, 3177, 3178, 3188, 3189, 3190, 3198, 3199, 3202, 3209, 3210, 3211, 3212, 3222, 3223, 3224, 3225, 3229, 3234, 3239, 3240, 3241, 3243, 3244, 3245, 3246, 3247, 3259, 3260, 3261, 3262, 3264, 3265, 3266, 3267, 3269, 3270, 3271, 3272, 3273, 3274, 3275, 3276, 3277, 3278, 3279, 3280, 3281, 3282, 3283, 3284, 3285, 3286, 3287, 3295, 3300, 3301, 3302, 3303, 3304, 3305, 3312, 3318, 3319, 3320, 3321, 3322, 3328, 3329, 3354, 3355, 3356, 3358, 3359, 3375, 3376, 3377, 3378, 3383, 3394, 3395, 3398, 3399, 3400, 3401, 3409, 3410, 3411, 3412, 3414, 3415, 3416, 3418, 3419, 3420, 3421, 3422, 3424, 3425, 3426, 3427, 3429, 3430, 3431, 3432, 3433, 3434, 3435, 3436, 3437, 3438, 3439, 3440, 3441, 3442, 3444, 3446, 3447, 3448, 3449, 3450, 3451, 3459, 3461, 3462, 3489, 3490, 3491, 3493, 3494, 3501, 3502, 3503, 3504, 3505, 3507, 3508, 3525, 3527, 3528, 3534, 3535, 3536, 3537, 3538, 3539, 3540, 3541, 3543, 3544, 3545, 3575, 3577, 3578, 3579, 3580, 3581, 3583, 3584, 3587, 3590, 3591, 3594, 3595, 3607, 3608, 3609, 3619, 3620, 3621, 3622, 3623, 3624, 3625, 3626, 3627, 3628, 3630, 3636, 3637, 3638, 3639, 3640, 3641, 3642, 3643, 3644, 3658, 3659, 3661, 3662, 3663, 3664, 3666, 3723, 3724, 3725, 3726, 3727, 3728, 3729, 3734, 3737, 3738, 3739, 3740, 3745, 3746, 3748, 3753, 3756, 3757, 3758, 3759, 3764, 3765, 3767, 3773, 3774, 3775, 3776, 3777, 3778, 3779, 3780, 3781, 3782, 3784, 3788, 3789, 3790, 3791, 3792, 3794, 3795, 3822, 3823, 3824, 3825, 3827, 3832, 3836, 3837, 3838, 3842, 3845, 3849, 3854, 3855, 3857, 3952, 3959, 3960, 3961, 3962, 3964, 3965, 3966, 3967, 3968, 3970, 3974, 3978, 3979, 3980, 3981, 3982, 3984, 3985, 3992, 3993, 3994, 3995, 3996, 3997, 3998, 3999, 4000, 4001, 4003, 4004, 4005, 4006, 4007, 4008, 4009, 4011, 4012, 4013, 4015, 4036, 4037, 4044, 4045, 4046, 4048, 4054, 4055, 4059, 4060, 4067, 4068, 4069, 4070, 4073, 4085, 4086, 4094, 4095, 4098, 4099, 4100, 4101, 4102, 4105, 4106, 4107, 4108, 4109, 4110, 4111, 4112, 4113, 4114, 4115, 4116, 4117, 4118, 4119, 4129, 4130, 4141, 4142, 4143, 4144, 4147, 4148, 4149, 4150, 4158, 4159, 4160, 4161, 4162, 4172, 4173, 4176, 4177, 4178, 4184, 4185, 4186, 4189, 4190, 4191, 4192, 4194, 4198, 4199, 4204, 4205, 4206, 4207, 4214, 4215, 4217, 4223, 4224, 4228, 4229, 4236, 4237, 4238, 4239, 4242, 4250, 4251, 4252, 4254, 4260, 4261, 4262, 4263, 4264, 4265, 4266, 4268, 4269, 4270, 4271, 4274, 4276, 4277, 4278, 4279, 4280, 4281, 4282, 4283, 4284, 4285, 4286, 4288, 4297, 4302, 4303, 4314, 4315, 4316, 4317, 4318, 4322, 4327, 4328, 4329, 4330, 4331, 4343, 4344, 4352, 4353, 4354, 4356, 4357, 4359, 4360, 4361, 4362, 4363, 4380, 4381, 4382, 4383, 4396, 4412, 4413, 4414, 4415, 4419, 4425, 4426, 4432, 4433, 4440, 4441, 4446, 4450, 4460, 4461, 4462, 4463, 4464, 4465, 4466, 4467, 4468, 4469, 4470, 4471, 4472, 4473, 4475, 4476, 4480, 4481, 4482, 4483, 4484, 4485, 4486, 4487, 4488, 4489, 4490, 4491, 4492, 4493, 4494, 4502, 4503, 4504, 4506, 4507, 4508, 4510, 4511, 4513, 4514, 4515, 4517, 4518, 4519, 4520, 4522, 4528, 4530, 4537, 4538, 4540, 4541, 4542, 4543, 4544, 4545, 4546, 4550, 4551, 4552, 4553, 4554, 4561, 4562, 4563, 4564, 4566, 4567, 4572, 4574, 4578, 4579, 4580, 4582, 4583, 4585, 4586, 4587, 4588, 4589, 4590, 4591, 4599, 4600, 4601, 4603, 4604, 4605, 4607, 4608, 4610, 4611, 4612, 4614, 4615, 4616, 4617, 4618, 4619, 4620, 4621, 4622, 4623, 4626, 4627, 4628, 4630, 4635, 4637, 4641, 4642, 4644, 4645, 4646, 4647, 4648, 4649, 4650, 4651, 4652, 4661, 4666, 4667, 4668, 4669, 4671, 4672, 4673, 4674, 4675, 4683, 4684, 4686, 4690, 4691, 4693, 4694, 4695, 4696, 4697, 4698, 4704, 4706, 4711, 4714, 4715, 4716, 4717, 4719, 4723, 4725, 4729, 4730, 4732, 4733, 4734, 4735, 4736, 4737, 4738, 4739, 4747, 4748, 4749, 4750, 4752, 4753, 4754, 4762, 4764, 4768, 4769, 4771, 4772, 4781, 4782, 4783, 4787, 4788, 4789, 4791, 4792, 4794, 4795, 4796, 4797, 4798, 4799, 4800, 4811, 4812, 4813, 4814, 4816, 4817, 4821, 4822, 4823, 4825, 4826, 4827, 4828, 4829, 4830, 4831, 4832, 4833, 4835, 4836, 4844, 4845, 4846, 4847, 4848, 4849, 4850, 4851, 4859, 4860, 4861, 4863, 4864, 4865, 4866, 4867, 4869, 4870, 4872, 4873, 4874, 4876, 4877, 4878, 4879, 4880, 4881, 4882, 4883, 4884, 4885, 4886, 4887, 4888, 4889, 4890, 4895, 4896, 4898, 4899, 4900, 4902, 4903, 4905, 4906, 4907, 4908, 4914, 4925, 4926, 4927, 4929, 4931, 4951, 4952, 4953, 4954, 4959, 4962, 4970, 4971, 4972, 4973, 4974, 4975, 4982, 4987, 4988, 4989, 4990, 4993, 4994, 4995, 4996, 4997, 4998, 5004, 5005, 5006, 5007, 5008, 5009], "excluded_lines": [5012, 5013, 5014, 5015, 5016], "start_line": 1}}}}, "totals": {"covered_lines": 604, "num_statements": 2033, "percent_covered": 29.70978848991638, "percent_covered_display": "29.7", "missing_lines": 1429, "excluded_lines": 5, "percent_statements_covered": 29.70978848991638, "percent_statements_covered_display": "29.7"}}